<?xml version="1.0" encoding="UTF-8"?>
<!-- Generated by org.testng.reporters.JUnitXMLReporter -->
<testsuite hostname="lsegvic" ignored="3" tests="0" failures="0" timestamp="28 velj 2019 13:53:55 GMT" time="0.006" errors="0">
  <testcase name="test3" time="0.0" classname="test.TestNGRetryFailedDemo">
    <ignored/>
  </testcase> <!-- test3 -->
  <testcase name="test2" time="0.0" classname="test.TestNGRetryFailedDemo">
    <ignored/>
  </testcase> <!-- test2 -->
  <testcase name="test1" time="0.0" classname="test.TestNGRetryFailedDemo">
    <ignored/>
  </testcase> <!-- test1 -->
</testsuite>
